<?xml version="1.0" encoding="UTF-8" standalone="yes" ?>
<test-results name="C:\DevMMenezes\Projetos Pessoais\DDDDelphi\Testing\Win32\Debug\DDDDelphiTest.exe" total="2" errors="0" failures="0" ignored="0" inconclusive="0" not-run="0" skipped="0" invalid="0" date="2024-03-05" time="0.003">
  <culture-info current-culture="en" current-uiculture="en" />
  <test-suite type="Assembly" name="DDDDelphiTest.exe" executed="true" result="Success" success="True" time="0.003" asserts="0">
    <results>
        <test-suite type="Namespace" name="TestProdutoController" executed="true" result="Success" success="True" time="0.003" asserts="0" >
          <results>
              <test-suite type="Fixture" name="TTestProdutoController" executed="True" result="Success" success="True" time="0.003" >
                <results>
                  <test-case name="SumValues.SumValues 1" executed="True" result="Success" success="True" time="0.000" asserts="0" />
                  <test-case name="SumValues.SumValues 2" executed="True" result="Success" success="True" time="0.000" asserts="0" />
                </results>
              </test-suite>
          </results>
        </test-suite>
    </results>
  </test-suite>
</test-results>
